[2026-06-20 19:35:08] 
================= NEW RUN =================
[2026-06-20 19:35:08] 🔄 Attempt 1 loading page...
[2026-06-20 19:35:10] 📡 HLS: https://l4.cloudskep.com/alphacyp/acy/playlist.m3u8?wmsAuthSign=c2VydmVyX3RpbWU9Ni8yMC8yMDI2IDc6MzU6MDkgUE0maGFzaF92YWx1ZT1sODNMTXZjUEJDd0JNd1hKZ2hMWVdBPT0mdmFsaWRtaW51dGVzPTMw
[2026-06-20 19:35:10] 📡 HLS: https://l4.cloudskep.com/alphacyp/acy/playlist.m3u8?wmsAuthSign=c2VydmVyX3RpbWU9Ni8yMC8yMDI2IDc6MzU6MDkgUE0maGFzaF92YWx1ZT1sODNMTXZjUEJDd0JNd1hKZ2hMWVdBPT0mdmFsaWRtaW51dGVzPTMw
[2026-06-20 19:35:10] 📡 HLS: https://us6.cloudskep.com/alphacyp/acy/l4/hd/chunks.m3u8?nimblesessionid=4595193&wmsAuthSign=c2VydmVyX3RpbWU9Ni8yMC8yMDI2IDc6MzU6MDkgUE0maGFzaF92YWx1ZT1sODNMTXZjUEJDd0JNd1hKZ2hMWVdBPT0mdmFsaWRtaW51dGVzPTMw
[2026-06-20 19:35:10] 📡 HLS: https://us6.cloudskep.com/alphacyp/acy/l4/hd/chunks.m3u8?nimblesessionid=4595193&wmsAuthSign=c2VydmVyX3RpbWU9Ni8yMC8yMDI2IDc6MzU6MDkgUE0maGFzaF92YWx1ZT1sODNMTXZjUEJDd0JNd1hKZ2hMWVdBPT0mdmFsaWRtaW51dGVzPTMw
[2026-06-20 19:35:13] 📡 HLS: https://us6.cloudskep.com/alphacyp/acy/l4/hd/chunks.m3u8?nimblesessionid=4595193&wmsAuthSign=c2VydmVyX3RpbWU9Ni8yMC8yMDI2IDc6MzU6MDkgUE0maGFzaF92YWx1ZT1sODNMTXZjUEJDd0JNd1hKZ2hMWVdBPT0mdmFsaWRtaW51dGVzPTMw
[2026-06-20 19:35:13] 📡 HLS: https://us6.cloudskep.com/alphacyp/acy/l4/hd/chunks.m3u8?nimblesessionid=4595193&wmsAuthSign=c2VydmVyX3RpbWU9Ni8yMC8yMDI2IDc6MzU6MDkgUE0maGFzaF92YWx1ZT1sODNMTXZjUEJDd0JNd1hKZ2hMWVdBPT0mdmFsaWRtaW51dGVzPTMw
[2026-06-20 19:35:18] 📡 HLS: https://us6.cloudskep.com/alphacyp/acy/l4/hd/chunks.m3u8?nimblesessionid=4595193&wmsAuthSign=c2VydmVyX3RpbWU9Ni8yMC8yMDI2IDc6MzU6MDkgUE0maGFzaF92YWx1ZT1sODNMTXZjUEJDd0JNd1hKZ2hMWVdBPT0mdmFsaWRtaW51dGVzPTMw
[2026-06-20 19:35:18] 📡 HLS: https://us6.cloudskep.com/alphacyp/acy/l4/hd/chunks.m3u8?nimblesessionid=4595193&wmsAuthSign=c2VydmVyX3RpbWU9Ni8yMC8yMDI2IDc6MzU6MDkgUE0maGFzaF92YWx1ZT1sODNMTXZjUEJDd0JNd1hKZ2hMWVdBPT0mdmFsaWRtaW51dGVzPTMw
[2026-06-20 19:35:21] 📡 HLS: https://us6.cloudskep.com/alphacyp/acy/l4/hd/chunks.m3u8?nimblesessionid=4595193&wmsAuthSign=c2VydmVyX3RpbWU9Ni8yMC8yMDI2IDc6MzU6MDkgUE0maGFzaF92YWx1ZT1sODNMTXZjUEJDd0JNd1hKZ2hMWVdBPT0mdmFsaWRtaW51dGVzPTMw
[2026-06-20 19:35:21] 📡 HLS: https://us6.cloudskep.com/alphacyp/acy/l4/hd/chunks.m3u8?nimblesessionid=4595193&wmsAuthSign=c2VydmVyX3RpbWU9Ni8yMC8yMDI2IDc6MzU6MDkgUE0maGFzaF92YWx1ZT1sODNMTXZjUEJDd0JNd1hKZ2hMWVdBPT0mdmFsaWRtaW51dGVzPTMw
[2026-06-20 19:35:26] 📡 HLS: https://us6.cloudskep.com/alphacyp/acy/l4/hd/chunks.m3u8?nimblesessionid=4595193&wmsAuthSign=c2VydmVyX3RpbWU9Ni8yMC8yMDI2IDc6MzU6MDkgUE0maGFzaF92YWx1ZT1sODNMTXZjUEJDd0JNd1hKZ2hMWVdBPT0mdmFsaWRtaW51dGVzPTMw
[2026-06-20 19:35:26] 📡 HLS: https://us6.cloudskep.com/alphacyp/acy/l4/hd/chunks.m3u8?nimblesessionid=4595193&wmsAuthSign=c2VydmVyX3RpbWU9Ni8yMC8yMDI2IDc6MzU6MDkgUE0maGFzaF92YWx1ZT1sODNMTXZjUEJDd0JNd1hKZ2hMWVdBPT0mdmFsaWRtaW51dGVzPTMw
[2026-06-20 19:35:29] 📡 HLS: https://us6.cloudskep.com/alphacyp/acy/l4/hd/chunks.m3u8?nimblesessionid=4595193&wmsAuthSign=c2VydmVyX3RpbWU9Ni8yMC8yMDI2IDc6MzU6MDkgUE0maGFzaF92YWx1ZT1sODNMTXZjUEJDd0JNd1hKZ2hMWVdBPT0mdmFsaWRtaW51dGVzPTMw
[2026-06-20 19:35:29] 📡 HLS: https://us6.cloudskep.com/alphacyp/acy/l4/hd/chunks.m3u8?nimblesessionid=4595193&wmsAuthSign=c2VydmVyX3RpbWU9Ni8yMC8yMDI2IDc6MzU6MDkgUE0maGFzaF92YWx1ZT1sODNMTXZjUEJDd0JNd1hKZ2hMWVdBPT0mdmFsaWRtaW51dGVzPTMw
[2026-06-20 19:35:34] 📡 HLS: https://us6.cloudskep.com/alphacyp/acy/l4/hd/chunks.m3u8?nimblesessionid=4595193&wmsAuthSign=c2VydmVyX3RpbWU9Ni8yMC8yMDI2IDc6MzU6MDkgUE0maGFzaF92YWx1ZT1sODNMTXZjUEJDd0JNd1hKZ2hMWVdBPT0mdmFsaWRtaW51dGVzPTMw
[2026-06-20 19:35:34] 📡 HLS: https://us6.cloudskep.com/alphacyp/acy/l4/hd/chunks.m3u8?nimblesessionid=4595193&wmsAuthSign=c2VydmVyX3RpbWU9Ni8yMC8yMDI2IDc6MzU6MDkgUE0maGFzaF92YWx1ZT1sODNMTXZjUEJDd0JNd1hKZ2hMWVdBPT0mdmFsaWRtaW51dGVzPTMw
[2026-06-20 19:35:37] 📡 HLS: https://us6.cloudskep.com/alphacyp/acy/l4/hd/chunks.m3u8?nimblesessionid=4595193&wmsAuthSign=c2VydmVyX3RpbWU9Ni8yMC8yMDI2IDc6MzU6MDkgUE0maGFzaF92YWx1ZT1sODNMTXZjUEJDd0JNd1hKZ2hMWVdBPT0mdmFsaWRtaW51dGVzPTMw
[2026-06-20 19:35:37] 📡 HLS: https://us6.cloudskep.com/alphacyp/acy/l4/hd/chunks.m3u8?nimblesessionid=4595193&wmsAuthSign=c2VydmVyX3RpbWU9Ni8yMC8yMDI2IDc6MzU6MDkgUE0maGFzaF92YWx1ZT1sODNMTXZjUEJDd0JNd1hKZ2hMWVdBPT0mdmFsaWRtaW51dGVzPTMw
[2026-06-20 19:35:42] 📡 HLS: https://us6.cloudskep.com/alphacyp/acy/l4/hd/chunks.m3u8?nimblesessionid=4595193&wmsAuthSign=c2VydmVyX3RpbWU9Ni8yMC8yMDI2IDc6MzU6MDkgUE0maGFzaF92YWx1ZT1sODNMTXZjUEJDd0JNd1hKZ2hMWVdBPT0mdmFsaWRtaW51dGVzPTMw
[2026-06-20 19:35:42] 📡 HLS: https://us6.cloudskep.com/alphacyp/acy/l4/hd/chunks.m3u8?nimblesessionid=4595193&wmsAuthSign=c2VydmVyX3RpbWU9Ni8yMC8yMDI2IDc6MzU6MDkgUE0maGFzaF92YWx1ZT1sODNMTXZjUEJDd0JNd1hKZ2hMWVdBPT0mdmFsaWRtaW51dGVzPTMw
[2026-06-20 19:35:45] 📡 HLS: https://us6.cloudskep.com/alphacyp/acy/l4/hd/chunks.m3u8?nimblesessionid=4595193&wmsAuthSign=c2VydmVyX3RpbWU9Ni8yMC8yMDI2IDc6MzU6MDkgUE0maGFzaF92YWx1ZT1sODNMTXZjUEJDd0JNd1hKZ2hMWVdBPT0mdmFsaWRtaW51dGVzPTMw
[2026-06-20 19:35:45] 📡 HLS: https://us6.cloudskep.com/alphacyp/acy/l4/hd/chunks.m3u8?nimblesessionid=4595193&wmsAuthSign=c2VydmVyX3RpbWU9Ni8yMC8yMDI2IDc6MzU6MDkgUE0maGFzaF92YWx1ZT1sODNMTXZjUEJDd0JNd1hKZ2hMWVdBPT0mdmFsaWRtaW51dGVzPTMw
[2026-06-20 19:35:45] 🎯 SELECTED [us] → https://us6.cloudskep.com/alphacyp/acy/l4/hd/chunks.m3u8?nimblesessionid=4595193&wmsAuthSign=c2VydmVyX3RpbWU9Ni8yMC8yMDI2IDc6MzU6MDkgUE0maGFzaF92YWx1ZT1sODNMTXZjUEJDd0JNd1hKZ2hMWVdBPT0mdmFsaWRtaW51dGVzPTMw
[2026-06-20 19:35:45] 📁 Saved to: ../../streams/alphacy.m3u8
[2026-06-20 19:35:45] ✅ Completed.
[2026-06-20 19:44:11] 
================= NEW RUN =================
[2026-06-20 19:44:11] 🔄 Attempt 1 starting...
[2026-06-20 19:44:13] 📡 HLS: https://l4.cloudskep.com/alphacyp/acy/playlist.m3u8?wmsAuthSign=c2VydmVyX3RpbWU9Ni8yMC8yMDI2IDc6NDQ6MTIgUE0maGFzaF92YWx1ZT1WUDZGZ2c2QkwvT1pycWtRSmRGNDJRPT0mdmFsaWRtaW51dGVzPTMw
[2026-06-20 19:44:14] 📡 HLS: https://l4.cloudskep.com/alphacyp/acy/playlist.m3u8?wmsAuthSign=c2VydmVyX3RpbWU9Ni8yMC8yMDI2IDc6NDQ6MTIgUE0maGFzaF92YWx1ZT1WUDZGZ2c2QkwvT1pycWtRSmRGNDJRPT0mdmFsaWRtaW51dGVzPTMw
[2026-06-20 19:44:14] 📡 HLS: https://us6.cloudskep.com/alphacyp/acy/l4/hd/chunks.m3u8?nimblesessionid=4595448&wmsAuthSign=c2VydmVyX3RpbWU9Ni8yMC8yMDI2IDc6NDQ6MTIgUE0maGFzaF92YWx1ZT1WUDZGZ2c2QkwvT1pycWtRSmRGNDJRPT0mdmFsaWRtaW51dGVzPTMw
[2026-06-20 19:44:14] 📡 HLS: https://us6.cloudskep.com/alphacyp/acy/l4/hd/chunks.m3u8?nimblesessionid=4595448&wmsAuthSign=c2VydmVyX3RpbWU9Ni8yMC8yMDI2IDc6NDQ6MTIgUE0maGFzaF92YWx1ZT1WUDZGZ2c2QkwvT1pycWtRSmRGNDJRPT0mdmFsaWRtaW51dGVzPTMw
[2026-06-20 19:44:17] 📡 HLS: https://us6.cloudskep.com/alphacyp/acy/l4/hd/chunks.m3u8?nimblesessionid=4595448&wmsAuthSign=c2VydmVyX3RpbWU9Ni8yMC8yMDI2IDc6NDQ6MTIgUE0maGFzaF92YWx1ZT1WUDZGZ2c2QkwvT1pycWtRSmRGNDJRPT0mdmFsaWRtaW51dGVzPTMw
[2026-06-20 19:44:17] 📡 HLS: https://us6.cloudskep.com/alphacyp/acy/l4/hd/chunks.m3u8?nimblesessionid=4595448&wmsAuthSign=c2VydmVyX3RpbWU9Ni8yMC8yMDI2IDc6NDQ6MTIgUE0maGFzaF92YWx1ZT1WUDZGZ2c2QkwvT1pycWtRSmRGNDJRPT0mdmFsaWRtaW51dGVzPTMw
[2026-06-20 19:44:22] 📡 HLS: https://us6.cloudskep.com/alphacyp/acy/l4/hd/chunks.m3u8?nimblesessionid=4595448&wmsAuthSign=c2VydmVyX3RpbWU9Ni8yMC8yMDI2IDc6NDQ6MTIgUE0maGFzaF92YWx1ZT1WUDZGZ2c2QkwvT1pycWtRSmRGNDJRPT0mdmFsaWRtaW51dGVzPTMw
[2026-06-20 19:44:22] 📡 HLS: https://us6.cloudskep.com/alphacyp/acy/l4/hd/chunks.m3u8?nimblesessionid=4595448&wmsAuthSign=c2VydmVyX3RpbWU9Ni8yMC8yMDI2IDc6NDQ6MTIgUE0maGFzaF92YWx1ZT1WUDZGZ2c2QkwvT1pycWtRSmRGNDJRPT0mdmFsaWRtaW51dGVzPTMw
[2026-06-20 19:44:25] 📡 HLS: https://us6.cloudskep.com/alphacyp/acy/l4/hd/chunks.m3u8?nimblesessionid=4595448&wmsAuthSign=c2VydmVyX3RpbWU9Ni8yMC8yMDI2IDc6NDQ6MTIgUE0maGFzaF92YWx1ZT1WUDZGZ2c2QkwvT1pycWtRSmRGNDJRPT0mdmFsaWRtaW51dGVzPTMw
[2026-06-20 19:44:25] 📡 HLS: https://us6.cloudskep.com/alphacyp/acy/l4/hd/chunks.m3u8?nimblesessionid=4595448&wmsAuthSign=c2VydmVyX3RpbWU9Ni8yMC8yMDI2IDc6NDQ6MTIgUE0maGFzaF92YWx1ZT1WUDZGZ2c2QkwvT1pycWtRSmRGNDJRPT0mdmFsaWRtaW51dGVzPTMw
[2026-06-20 19:44:30] 📡 HLS: https://us6.cloudskep.com/alphacyp/acy/l4/hd/chunks.m3u8?nimblesessionid=4595448&wmsAuthSign=c2VydmVyX3RpbWU9Ni8yMC8yMDI2IDc6NDQ6MTIgUE0maGFzaF92YWx1ZT1WUDZGZ2c2QkwvT1pycWtRSmRGNDJRPT0mdmFsaWRtaW51dGVzPTMw
[2026-06-20 19:44:30] 📡 HLS: https://us6.cloudskep.com/alphacyp/acy/l4/hd/chunks.m3u8?nimblesessionid=4595448&wmsAuthSign=c2VydmVyX3RpbWU9Ni8yMC8yMDI2IDc6NDQ6MTIgUE0maGFzaF92YWx1ZT1WUDZGZ2c2QkwvT1pycWtRSmRGNDJRPT0mdmFsaWRtaW51dGVzPTMw
[2026-06-20 19:44:33] 📡 HLS: https://us6.cloudskep.com/alphacyp/acy/l4/hd/chunks.m3u8?nimblesessionid=4595448&wmsAuthSign=c2VydmVyX3RpbWU9Ni8yMC8yMDI2IDc6NDQ6MTIgUE0maGFzaF92YWx1ZT1WUDZGZ2c2QkwvT1pycWtRSmRGNDJRPT0mdmFsaWRtaW51dGVzPTMw
[2026-06-20 19:44:33] 📡 HLS: https://us6.cloudskep.com/alphacyp/acy/l4/hd/chunks.m3u8?nimblesessionid=4595448&wmsAuthSign=c2VydmVyX3RpbWU9Ni8yMC8yMDI2IDc6NDQ6MTIgUE0maGFzaF92YWx1ZT1WUDZGZ2c2QkwvT1pycWtRSmRGNDJRPT0mdmFsaWRtaW51dGVzPTMw
[2026-06-20 19:44:38] 📡 HLS: https://us6.cloudskep.com/alphacyp/acy/l4/hd/chunks.m3u8?nimblesessionid=4595448&wmsAuthSign=c2VydmVyX3RpbWU9Ni8yMC8yMDI2IDc6NDQ6MTIgUE0maGFzaF92YWx1ZT1WUDZGZ2c2QkwvT1pycWtRSmRGNDJRPT0mdmFsaWRtaW51dGVzPTMw
[2026-06-20 19:44:38] 📡 HLS: https://us6.cloudskep.com/alphacyp/acy/l4/hd/chunks.m3u8?nimblesessionid=4595448&wmsAuthSign=c2VydmVyX3RpbWU9Ni8yMC8yMDI2IDc6NDQ6MTIgUE0maGFzaF92YWx1ZT1WUDZGZ2c2QkwvT1pycWtRSmRGNDJRPT0mdmFsaWRtaW51dGVzPTMw
[2026-06-20 19:44:41] 📡 HLS: https://us6.cloudskep.com/alphacyp/acy/l4/hd/chunks.m3u8?nimblesessionid=4595448&wmsAuthSign=c2VydmVyX3RpbWU9Ni8yMC8yMDI2IDc6NDQ6MTIgUE0maGFzaF92YWx1ZT1WUDZGZ2c2QkwvT1pycWtRSmRGNDJRPT0mdmFsaWRtaW51dGVzPTMw
[2026-06-20 19:44:41] 📡 HLS: https://us6.cloudskep.com/alphacyp/acy/l4/hd/chunks.m3u8?nimblesessionid=4595448&wmsAuthSign=c2VydmVyX3RpbWU9Ni8yMC8yMDI2IDc6NDQ6MTIgUE0maGFzaF92YWx1ZT1WUDZGZ2c2QkwvT1pycWtRSmRGNDJRPT0mdmFsaWRtaW51dGVzPTMw
[2026-06-20 19:44:46] 📡 HLS: https://us6.cloudskep.com/alphacyp/acy/l4/hd/chunks.m3u8?nimblesessionid=4595448&wmsAuthSign=c2VydmVyX3RpbWU9Ni8yMC8yMDI2IDc6NDQ6MTIgUE0maGFzaF92YWx1ZT1WUDZGZ2c2QkwvT1pycWtRSmRGNDJRPT0mdmFsaWRtaW51dGVzPTMw
[2026-06-20 19:44:46] 📡 HLS: https://us6.cloudskep.com/alphacyp/acy/l4/hd/chunks.m3u8?nimblesessionid=4595448&wmsAuthSign=c2VydmVyX3RpbWU9Ni8yMC8yMDI2IDc6NDQ6MTIgUE0maGFzaF92YWx1ZT1WUDZGZ2c2QkwvT1pycWtRSmRGNDJRPT0mdmFsaWRtaW51dGVzPTMw
[2026-06-20 19:44:49] 📡 HLS: https://us6.cloudskep.com/alphacyp/acy/l4/hd/chunks.m3u8?nimblesessionid=4595448&wmsAuthSign=c2VydmVyX3RpbWU9Ni8yMC8yMDI2IDc6NDQ6MTIgUE0maGFzaF92YWx1ZT1WUDZGZ2c2QkwvT1pycWtRSmRGNDJRPT0mdmFsaWRtaW51dGVzPTMw
[2026-06-20 19:44:49] 📡 HLS: https://us6.cloudskep.com/alphacyp/acy/l4/hd/chunks.m3u8?nimblesessionid=4595448&wmsAuthSign=c2VydmVyX3RpbWU9Ni8yMC8yMDI2IDc6NDQ6MTIgUE0maGFzaF92YWx1ZT1WUDZGZ2c2QkwvT1pycWtRSmRGNDJRPT0mdmFsaWRtaW51dGVzPTMw
[2026-06-20 19:44:52] ⚠ No valid am8 stream found in this attempt
[2026-06-20 19:44:52] ⏳ Retrying...

[2026-06-20 19:44:54] 🔄 Attempt 2 starting...
[2026-06-20 19:44:56] 📡 HLS: https://l4.cloudskep.com/alphacyp/acy/playlist.m3u8?wmsAuthSign=c2VydmVyX3RpbWU9Ni8yMC8yMDI2IDc6NDQ6NTUgUE0maGFzaF92YWx1ZT1OdCt6N3A5QjRad3lIVCtqamJNT3ZRPT0mdmFsaWRtaW51dGVzPTMw
[2026-06-20 19:44:56] 📡 HLS: https://l4.cloudskep.com/alphacyp/acy/playlist.m3u8?wmsAuthSign=c2VydmVyX3RpbWU9Ni8yMC8yMDI2IDc6NDQ6NTUgUE0maGFzaF92YWx1ZT1OdCt6N3A5QjRad3lIVCtqamJNT3ZRPT0mdmFsaWRtaW51dGVzPTMw
[2026-06-20 19:44:56] 📡 HLS: https://us6.cloudskep.com/alphacyp/acy/l4/hd/chunks.m3u8?nimblesessionid=4595468&wmsAuthSign=c2VydmVyX3RpbWU9Ni8yMC8yMDI2IDc6NDQ6NTUgUE0maGFzaF92YWx1ZT1OdCt6N3A5QjRad3lIVCtqamJNT3ZRPT0mdmFsaWRtaW51dGVzPTMw
[2026-06-20 19:44:56] 📡 HLS: https://us6.cloudskep.com/alphacyp/acy/l4/hd/chunks.m3u8?nimblesessionid=4595468&wmsAuthSign=c2VydmVyX3RpbWU9Ni8yMC8yMDI2IDc6NDQ6NTUgUE0maGFzaF92YWx1ZT1OdCt6N3A5QjRad3lIVCtqamJNT3ZRPT0mdmFsaWRtaW51dGVzPTMw
[2026-06-20 19:44:59] 📡 HLS: https://us6.cloudskep.com/alphacyp/acy/l4/hd/chunks.m3u8?nimblesessionid=4595468&wmsAuthSign=c2VydmVyX3RpbWU9Ni8yMC8yMDI2IDc6NDQ6NTUgUE0maGFzaF92YWx1ZT1OdCt6N3A5QjRad3lIVCtqamJNT3ZRPT0mdmFsaWRtaW51dGVzPTMw
[2026-06-20 19:44:59] 📡 HLS: https://us6.cloudskep.com/alphacyp/acy/l4/hd/chunks.m3u8?nimblesessionid=4595468&wmsAuthSign=c2VydmVyX3RpbWU9Ni8yMC8yMDI2IDc6NDQ6NTUgUE0maGFzaF92YWx1ZT1OdCt6N3A5QjRad3lIVCtqamJNT3ZRPT0mdmFsaWRtaW51dGVzPTMw
[2026-06-20 19:45:04] 📡 HLS: https://us6.cloudskep.com/alphacyp/acy/l4/hd/chunks.m3u8?nimblesessionid=4595468&wmsAuthSign=c2VydmVyX3RpbWU9Ni8yMC8yMDI2IDc6NDQ6NTUgUE0maGFzaF92YWx1ZT1OdCt6N3A5QjRad3lIVCtqamJNT3ZRPT0mdmFsaWRtaW51dGVzPTMw
[2026-06-20 19:45:04] 📡 HLS: https://us6.cloudskep.com/alphacyp/acy/l4/hd/chunks.m3u8?nimblesessionid=4595468&wmsAuthSign=c2VydmVyX3RpbWU9Ni8yMC8yMDI2IDc6NDQ6NTUgUE0maGFzaF92YWx1ZT1OdCt6N3A5QjRad3lIVCtqamJNT3ZRPT0mdmFsaWRtaW51dGVzPTMw
[2026-06-20 19:45:07] 📡 HLS: https://us6.cloudskep.com/alphacyp/acy/l4/hd/chunks.m3u8?nimblesessionid=4595468&wmsAuthSign=c2VydmVyX3RpbWU9Ni8yMC8yMDI2IDc6NDQ6NTUgUE0maGFzaF92YWx1ZT1OdCt6N3A5QjRad3lIVCtqamJNT3ZRPT0mdmFsaWRtaW51dGVzPTMw
[2026-06-20 19:45:07] 📡 HLS: https://us6.cloudskep.com/alphacyp/acy/l4/hd/chunks.m3u8?nimblesessionid=4595468&wmsAuthSign=c2VydmVyX3RpbWU9Ni8yMC8yMDI2IDc6NDQ6NTUgUE0maGFzaF92YWx1ZT1OdCt6N3A5QjRad3lIVCtqamJNT3ZRPT0mdmFsaWRtaW51dGVzPTMw
[2026-06-20 19:45:12] 📡 HLS: https://us6.cloudskep.com/alphacyp/acy/l4/hd/chunks.m3u8?nimblesessionid=4595468&wmsAuthSign=c2VydmVyX3RpbWU9Ni8yMC8yMDI2IDc6NDQ6NTUgUE0maGFzaF92YWx1ZT1OdCt6N3A5QjRad3lIVCtqamJNT3ZRPT0mdmFsaWRtaW51dGVzPTMw
[2026-06-20 19:45:12] 📡 HLS: https://us6.cloudskep.com/alphacyp/acy/l4/hd/chunks.m3u8?nimblesessionid=4595468&wmsAuthSign=c2VydmVyX3RpbWU9Ni8yMC8yMDI2IDc6NDQ6NTUgUE0maGFzaF92YWx1ZT1OdCt6N3A5QjRad3lIVCtqamJNT3ZRPT0mdmFsaWRtaW51dGVzPTMw
[2026-06-20 19:45:15] 📡 HLS: https://us6.cloudskep.com/alphacyp/acy/l4/hd/chunks.m3u8?nimblesessionid=4595468&wmsAuthSign=c2VydmVyX3RpbWU9Ni8yMC8yMDI2IDc6NDQ6NTUgUE0maGFzaF92YWx1ZT1OdCt6N3A5QjRad3lIVCtqamJNT3ZRPT0mdmFsaWRtaW51dGVzPTMw
[2026-06-20 19:45:15] 📡 HLS: https://us6.cloudskep.com/alphacyp/acy/l4/hd/chunks.m3u8?nimblesessionid=4595468&wmsAuthSign=c2VydmVyX3RpbWU9Ni8yMC8yMDI2IDc6NDQ6NTUgUE0maGFzaF92YWx1ZT1OdCt6N3A5QjRad3lIVCtqamJNT3ZRPT0mdmFsaWRtaW51dGVzPTMw
[2026-06-20 19:45:20] 📡 HLS: https://us6.cloudskep.com/alphacyp/acy/l4/hd/chunks.m3u8?nimblesessionid=4595468&wmsAuthSign=c2VydmVyX3RpbWU9Ni8yMC8yMDI2IDc6NDQ6NTUgUE0maGFzaF92YWx1ZT1OdCt6N3A5QjRad3lIVCtqamJNT3ZRPT0mdmFsaWRtaW51dGVzPTMw
[2026-06-20 19:45:20] 📡 HLS: https://us6.cloudskep.com/alphacyp/acy/l4/hd/chunks.m3u8?nimblesessionid=4595468&wmsAuthSign=c2VydmVyX3RpbWU9Ni8yMC8yMDI2IDc6NDQ6NTUgUE0maGFzaF92YWx1ZT1OdCt6N3A5QjRad3lIVCtqamJNT3ZRPT0mdmFsaWRtaW51dGVzPTMw
[2026-06-20 19:45:23] 📡 HLS: https://us6.cloudskep.com/alphacyp/acy/l4/hd/chunks.m3u8?nimblesessionid=4595468&wmsAuthSign=c2VydmVyX3RpbWU9Ni8yMC8yMDI2IDc6NDQ6NTUgUE0maGFzaF92YWx1ZT1OdCt6N3A5QjRad3lIVCtqamJNT3ZRPT0mdmFsaWRtaW51dGVzPTMw
[2026-06-20 19:45:23] 📡 HLS: https://us6.cloudskep.com/alphacyp/acy/l4/hd/chunks.m3u8?nimblesessionid=4595468&wmsAuthSign=c2VydmVyX3RpbWU9Ni8yMC8yMDI2IDc6NDQ6NTUgUE0maGFzaF92YWx1ZT1OdCt6N3A5QjRad3lIVCtqamJNT3ZRPT0mdmFsaWRtaW51dGVzPTMw
[2026-06-20 19:45:28] 📡 HLS: https://us6.cloudskep.com/alphacyp/acy/l4/hd/chunks.m3u8?nimblesessionid=4595468&wmsAuthSign=c2VydmVyX3RpbWU9Ni8yMC8yMDI2IDc6NDQ6NTUgUE0maGFzaF92YWx1ZT1OdCt6N3A5QjRad3lIVCtqamJNT3ZRPT0mdmFsaWRtaW51dGVzPTMw
[2026-06-20 19:45:28] 📡 HLS: https://us6.cloudskep.com/alphacyp/acy/l4/hd/chunks.m3u8?nimblesessionid=4595468&wmsAuthSign=c2VydmVyX3RpbWU9Ni8yMC8yMDI2IDc6NDQ6NTUgUE0maGFzaF92YWx1ZT1OdCt6N3A5QjRad3lIVCtqamJNT3ZRPT0mdmFsaWRtaW51dGVzPTMw
[2026-06-20 19:45:28] 📡 HLS: https://us6.cloudskep.com/alphacyp/acy/l4/sd/chunks.m3u8?nimblesessionid=4595468&wmsAuthSign=c2VydmVyX3RpbWU9Ni8yMC8yMDI2IDc6NDQ6NTUgUE0maGFzaF92YWx1ZT1OdCt6N3A5QjRad3lIVCtqamJNT3ZRPT0mdmFsaWRtaW51dGVzPTMw
[2026-06-20 19:45:28] 📡 HLS: https://us6.cloudskep.com/alphacyp/acy/l4/sd/chunks.m3u8?nimblesessionid=4595468&wmsAuthSign=c2VydmVyX3RpbWU9Ni8yMC8yMDI2IDc6NDQ6NTUgUE0maGFzaF92YWx1ZT1OdCt6N3A5QjRad3lIVCtqamJNT3ZRPT0mdmFsaWRtaW51dGVzPTMw
[2026-06-20 19:45:29] 📡 HLS: https://us6.cloudskep.com/alphacyp/acy/l4/lsd/chunks.m3u8?nimblesessionid=4595468&wmsAuthSign=c2VydmVyX3RpbWU9Ni8yMC8yMDI2IDc6NDQ6NTUgUE0maGFzaF92YWx1ZT1OdCt6N3A5QjRad3lIVCtqamJNT3ZRPT0mdmFsaWRtaW51dGVzPTMw
[2026-06-20 19:45:34] ⚠ No valid am8 stream found in this attempt
[2026-06-20 19:45:34] ⏳ Retrying...

[2026-06-20 19:45:36] 🔄 Attempt 3 starting...
[2026-06-20 19:45:38] 📡 HLS: https://l4.cloudskep.com/alphacyp/acy/playlist.m3u8?wmsAuthSign=c2VydmVyX3RpbWU9Ni8yMC8yMDI2IDc6NDU6MzcgUE0maGFzaF92YWx1ZT13Z1YzdGo4dUZqUFREL2VkeGVvT2hRPT0mdmFsaWRtaW51dGVzPTMw
[2026-06-20 19:45:38] 📡 HLS: https://l4.cloudskep.com/alphacyp/acy/playlist.m3u8?wmsAuthSign=c2VydmVyX3RpbWU9Ni8yMC8yMDI2IDc6NDU6MzcgUE0maGFzaF92YWx1ZT13Z1YzdGo4dUZqUFREL2VkeGVvT2hRPT0mdmFsaWRtaW51dGVzPTMw
[2026-06-20 19:45:38] 📡 HLS: https://us6.cloudskep.com/alphacyp/acy/l4/hd/chunks.m3u8?nimblesessionid=4595487&wmsAuthSign=c2VydmVyX3RpbWU9Ni8yMC8yMDI2IDc6NDU6MzcgUE0maGFzaF92YWx1ZT13Z1YzdGo4dUZqUFREL2VkeGVvT2hRPT0mdmFsaWRtaW51dGVzPTMw
[2026-06-20 19:45:38] 📡 HLS: https://us6.cloudskep.com/alphacyp/acy/l4/hd/chunks.m3u8?nimblesessionid=4595487&wmsAuthSign=c2VydmVyX3RpbWU9Ni8yMC8yMDI2IDc6NDU6MzcgUE0maGFzaF92YWx1ZT13Z1YzdGo4dUZqUFREL2VkeGVvT2hRPT0mdmFsaWRtaW51dGVzPTMw
[2026-06-20 19:45:43] 📡 HLS: https://us6.cloudskep.com/alphacyp/acy/l4/hd/chunks.m3u8?nimblesessionid=4595487&wmsAuthSign=c2VydmVyX3RpbWU9Ni8yMC8yMDI2IDc6NDU6MzcgUE0maGFzaF92YWx1ZT13Z1YzdGo4dUZqUFREL2VkeGVvT2hRPT0mdmFsaWRtaW51dGVzPTMw
[2026-06-20 19:45:43] 📡 HLS: https://us6.cloudskep.com/alphacyp/acy/l4/hd/chunks.m3u8?nimblesessionid=4595487&wmsAuthSign=c2VydmVyX3RpbWU9Ni8yMC8yMDI2IDc6NDU6MzcgUE0maGFzaF92YWx1ZT13Z1YzdGo4dUZqUFREL2VkeGVvT2hRPT0mdmFsaWRtaW51dGVzPTMw
[2026-06-20 19:45:46] 📡 HLS: https://us6.cloudskep.com/alphacyp/acy/l4/hd/chunks.m3u8?nimblesessionid=4595487&wmsAuthSign=c2VydmVyX3RpbWU9Ni8yMC8yMDI2IDc6NDU6MzcgUE0maGFzaF92YWx1ZT13Z1YzdGo4dUZqUFREL2VkeGVvT2hRPT0mdmFsaWRtaW51dGVzPTMw
[2026-06-20 19:45:46] 📡 HLS: https://us6.cloudskep.com/alphacyp/acy/l4/hd/chunks.m3u8?nimblesessionid=4595487&wmsAuthSign=c2VydmVyX3RpbWU9Ni8yMC8yMDI2IDc6NDU6MzcgUE0maGFzaF92YWx1ZT13Z1YzdGo4dUZqUFREL2VkeGVvT2hRPT0mdmFsaWRtaW51dGVzPTMw
[2026-06-20 19:45:51] 📡 HLS: https://us6.cloudskep.com/alphacyp/acy/l4/hd/chunks.m3u8?nimblesessionid=4595487&wmsAuthSign=c2VydmVyX3RpbWU9Ni8yMC8yMDI2IDc6NDU6MzcgUE0maGFzaF92YWx1ZT13Z1YzdGo4dUZqUFREL2VkeGVvT2hRPT0mdmFsaWRtaW51dGVzPTMw
[2026-06-20 19:45:51] 📡 HLS: https://us6.cloudskep.com/alphacyp/acy/l4/hd/chunks.m3u8?nimblesessionid=4595487&wmsAuthSign=c2VydmVyX3RpbWU9Ni8yMC8yMDI2IDc6NDU6MzcgUE0maGFzaF92YWx1ZT13Z1YzdGo4dUZqUFREL2VkeGVvT2hRPT0mdmFsaWRtaW51dGVzPTMw
[2026-06-20 19:45:54] 📡 HLS: https://us6.cloudskep.com/alphacyp/acy/l4/hd/chunks.m3u8?nimblesessionid=4595487&wmsAuthSign=c2VydmVyX3RpbWU9Ni8yMC8yMDI2IDc6NDU6MzcgUE0maGFzaF92YWx1ZT13Z1YzdGo4dUZqUFREL2VkeGVvT2hRPT0mdmFsaWRtaW51dGVzPTMw
[2026-06-20 19:45:54] 📡 HLS: https://us6.cloudskep.com/alphacyp/acy/l4/hd/chunks.m3u8?nimblesessionid=4595487&wmsAuthSign=c2VydmVyX3RpbWU9Ni8yMC8yMDI2IDc6NDU6MzcgUE0maGFzaF92YWx1ZT13Z1YzdGo4dUZqUFREL2VkeGVvT2hRPT0mdmFsaWRtaW51dGVzPTMw
[2026-06-20 19:45:59] 📡 HLS: https://us6.cloudskep.com/alphacyp/acy/l4/hd/chunks.m3u8?nimblesessionid=4595487&wmsAuthSign=c2VydmVyX3RpbWU9Ni8yMC8yMDI2IDc6NDU6MzcgUE0maGFzaF92YWx1ZT13Z1YzdGo4dUZqUFREL2VkeGVvT2hRPT0mdmFsaWRtaW51dGVzPTMw
[2026-06-20 19:45:59] 📡 HLS: https://us6.cloudskep.com/alphacyp/acy/l4/hd/chunks.m3u8?nimblesessionid=4595487&wmsAuthSign=c2VydmVyX3RpbWU9Ni8yMC8yMDI2IDc6NDU6MzcgUE0maGFzaF92YWx1ZT13Z1YzdGo4dUZqUFREL2VkeGVvT2hRPT0mdmFsaWRtaW51dGVzPTMw
[2026-06-20 19:46:02] 📡 HLS: https://us6.cloudskep.com/alphacyp/acy/l4/hd/chunks.m3u8?nimblesessionid=4595487&wmsAuthSign=c2VydmVyX3RpbWU9Ni8yMC8yMDI2IDc6NDU6MzcgUE0maGFzaF92YWx1ZT13Z1YzdGo4dUZqUFREL2VkeGVvT2hRPT0mdmFsaWRtaW51dGVzPTMw
[2026-06-20 19:46:02] 📡 HLS: https://us6.cloudskep.com/alphacyp/acy/l4/hd/chunks.m3u8?nimblesessionid=4595487&wmsAuthSign=c2VydmVyX3RpbWU9Ni8yMC8yMDI2IDc6NDU6MzcgUE0maGFzaF92YWx1ZT13Z1YzdGo4dUZqUFREL2VkeGVvT2hRPT0mdmFsaWRtaW51dGVzPTMw
[2026-06-20 19:46:07] 📡 HLS: https://us6.cloudskep.com/alphacyp/acy/l4/hd/chunks.m3u8?nimblesessionid=4595487&wmsAuthSign=c2VydmVyX3RpbWU9Ni8yMC8yMDI2IDc6NDU6MzcgUE0maGFzaF92YWx1ZT13Z1YzdGo4dUZqUFREL2VkeGVvT2hRPT0mdmFsaWRtaW51dGVzPTMw
[2026-06-20 19:46:07] 📡 HLS: https://us6.cloudskep.com/alphacyp/acy/l4/hd/chunks.m3u8?nimblesessionid=4595487&wmsAuthSign=c2VydmVyX3RpbWU9Ni8yMC8yMDI2IDc6NDU6MzcgUE0maGFzaF92YWx1ZT13Z1YzdGo4dUZqUFREL2VkeGVvT2hRPT0mdmFsaWRtaW51dGVzPTMw
[2026-06-20 19:46:10] 📡 HLS: https://us6.cloudskep.com/alphacyp/acy/l4/hd/chunks.m3u8?nimblesessionid=4595487&wmsAuthSign=c2VydmVyX3RpbWU9Ni8yMC8yMDI2IDc6NDU6MzcgUE0maGFzaF92YWx1ZT13Z1YzdGo4dUZqUFREL2VkeGVvT2hRPT0mdmFsaWRtaW51dGVzPTMw
[2026-06-20 19:46:10] 📡 HLS: https://us6.cloudskep.com/alphacyp/acy/l4/hd/chunks.m3u8?nimblesessionid=4595487&wmsAuthSign=c2VydmVyX3RpbWU9Ni8yMC8yMDI2IDc6NDU6MzcgUE0maGFzaF92YWx1ZT13Z1YzdGo4dUZqUFREL2VkeGVvT2hRPT0mdmFsaWRtaW51dGVzPTMw
[2026-06-20 19:46:15] 📡 HLS: https://us6.cloudskep.com/alphacyp/acy/l4/hd/chunks.m3u8?nimblesessionid=4595487&wmsAuthSign=c2VydmVyX3RpbWU9Ni8yMC8yMDI2IDc6NDU6MzcgUE0maGFzaF92YWx1ZT13Z1YzdGo4dUZqUFREL2VkeGVvT2hRPT0mdmFsaWRtaW51dGVzPTMw
[2026-06-20 19:46:15] 📡 HLS: https://us6.cloudskep.com/alphacyp/acy/l4/hd/chunks.m3u8?nimblesessionid=4595487&wmsAuthSign=c2VydmVyX3RpbWU9Ni8yMC8yMDI2IDc6NDU6MzcgUE0maGFzaF92YWx1ZT13Z1YzdGo4dUZqUFREL2VkeGVvT2hRPT0mdmFsaWRtaW51dGVzPTMw
[2026-06-20 19:46:16] ⚠ No valid am8 stream found in this attempt
[2026-06-20 19:46:16] ⏳ Retrying...

[2026-06-20 19:46:18] ❌ No valid am8 HLS found after retries.
